<?xml version="1.0" encoding="UTF-8"?>
<testng-results ignored="0" total="1" passed="1" failed="0" skipped="0">
  <reporter-output>
  </reporter-output>
  <suite started-at="2019-08-08T03:19:21Z" name="Default suite" finished-at="2019-08-08T03:19:36Z" duration-ms="14888">
    <groups>
    </groups>
    <test started-at="2019-08-08T03:19:21Z" name="Default test" finished-at="2019-08-08T03:19:36Z" duration-ms="14888">
      <class name="pack_Basic.VerifyText">
        <test-method is-config="true" signature="setUp()[pri:0, instance:pack_Basic.VerifyText@1190200a]" started-at="2019-08-08T03:19:21Z" name="setUp" finished-at="2019-08-08T03:19:35Z" duration-ms="13497" status="PASS">
          <reporter-output>
          </reporter-output>
        </test-method> <!-- setUp -->
        <test-method signature="verifyText()[pri:0, instance:pack_Basic.VerifyText@1190200a]" started-at="2019-08-08T03:19:35Z" name="verifyText" finished-at="2019-08-08T03:19:36Z" duration-ms="1361" status="PASS">
          <reporter-output>
          </reporter-output>
        </test-method> <!-- verifyText -->
      </class> <!-- pack_Basic.VerifyText -->
    </test> <!-- Default test -->
  </suite> <!-- Default suite -->
</testng-results>
